<?xml version="1.0" encoding="UTF-8"?>
<testng-results ignored="0" total="1" passed="1" failed="0" skipped="0">
  <reporter-output>
  </reporter-output>
  <suite started-at="2023-04-06T10:16:26 IST" name="Suite" finished-at="2023-04-06T10:16:34 IST" duration-ms="8315">
    <groups>
    </groups>
    <test started-at="2023-04-06T10:16:26 IST" name="Test" finished-at="2023-04-06T10:16:34 IST" duration-ms="8315">
      <class name="day02.program01">
        <test-method signature="testcase(java.lang.String,java.lang.String)[pri:0, instance:day02.program01@1e04fa0a]" started-at="2023-04-06T10:16:26 IST" name="testcase" finished-at="2023-04-06T10:16:34 IST" duration-ms="8280" status="PASS">
          <params>
            <param index="0">
              <value>
                <![CDATA[vijay]]>
              </value>
            </param>
            <param index="1">
              <value>
                <![CDATA[good boy]]>
              </value>
            </param>
          </params>
          <reporter-output>
          </reporter-output>
        </test-method> <!-- testcase -->
      </class> <!-- day02.program01 -->
    </test> <!-- Test -->
  </suite> <!-- Suite -->
</testng-results>
